<?xml version="1.0" encoding="UTF-8"?>
<testsuite xmlns:xsi="http://www.w3.org/2001/XMLSchema-instance" xsi:noNamespaceSchemaLocation="https://maven.apache.org/surefire/maven-surefire-plugin/xsd/surefire-test-report.xsd" version="3.0.2" name="com.web2.Web2ApplicationTests" time="3.38" tests="1" errors="0" skipped="0" failures="0">
  <properties>
[...]
</properties>
  <testcase name="contextLoads" classname="com.web2.Web2ApplicationTests" time="0.261">
    <system-out><![CDATA[01:49:04.052 [main] INFO org.springframework.test.context.support.AnnotationConfigContextLoaderUtils -- Could not detect default configuration classes for test class [com.web2.Web2ApplicationTests]: Web2ApplicationTests does not declare any static, non-private, non-final, nested classes annotated with @Configuration.
01:49:04.120 [main] INFO org.springframework.boot.test.context.SpringBootTestContextBootstrapper -- Found @SpringBootConfiguration com.web2.Web2Application for test class com.web2.Web2ApplicationTests
01:49:04.228 [main] INFO org.springframework.boot.devtools.restart.RestartApplicationListener -- Restart disabled due to context in which it is running

  .   ____          _            __ _ _
 /\\ / ___'_ __ _ _(_)_ __  __ _ \ \ \ \
( ( )\___ | '_ | '_| | '_ \/ _` | \ \ \ \
 \\/  ___)| |_)| | | | | || (_| |  ) ) ) )
  '  |____| .__|_| |_|_| |_\__, | / / / /
 =========|_|==============|___/=/_/_/_/

 :: Spring Boot ::                (v3.5.4)

2025-09-30T01:49:04.403-03:00  INFO 15056 --- [web2] [           main] com.web2.Web2ApplicationTests            : Starting Web2ApplicationTests using Java 21.0.8 with PID 15056 (started by Admin in C:\Users\Admin\Desktop\2025web2spring-main-1\web2\web2)
2025-09-30T01:49:04.404-03:00  INFO 15056 --- [web2] [           main] com.web2.Web2ApplicationTests            : No active profile set, falling back to 1 default profile: "default"
2025-09-30T01:49:04.793-03:00  INFO 15056 --- [web2] [           main] .s.d.r.c.RepositoryConfigurationDelegate : Bootstrapping Spring Data JPA repositories in DEFAULT mode.
2025-09-30T01:49:04.834-03:00  INFO 15056 --- [web2] [           main] .s.d.r.c.RepositoryConfigurationDelegate : Finished Spring Data repository scanning in 33 ms. Found 4 JPA repository interfaces.
2025-09-30T01:49:05.079-03:00  INFO 15056 --- [web2] [           main] o.hibernate.jpa.internal.util.LogHelper  : HHH000204: Processing PersistenceUnitInfo [name: default]
2025-09-30T01:49:05.112-03:00  INFO 15056 --- [web2] [           main] org.hibernate.Version                    : HHH000412: Hibernate ORM core version 6.6.22.Final
2025-09-30T01:49:05.134-03:00  INFO 15056 --- [web2] [           main] o.h.c.internal.RegionFactoryInitiator    : HHH000026: Second-level cache disabled
2025-09-30T01:49:05.365-03:00  INFO 15056 --- [web2] [           main] o.s.o.j.p.SpringPersistenceUnitInfo      : No LoadTimeWeaver setup: ignoring JPA class transformer
2025-09-30T01:49:05.386-03:00  INFO 15056 --- [web2] [           main] com.zaxxer.hikari.HikariDataSource       : HikariPool-1 - Starting...
2025-09-30T01:49:05.512-03:00  INFO 15056 --- [web2] [           main] com.zaxxer.hikari.pool.HikariPool        : HikariPool-1 - Added connection com.mysql.cj.jdbc.ConnectionImpl@3b362f1
2025-09-30T01:49:05.514-03:00  INFO 15056 --- [web2] [           main] com.zaxxer.hikari.HikariDataSource       : HikariPool-1 - Start completed.
2025-09-30T01:49:05.539-03:00  WARN 15056 --- [web2] [           main] org.hibernate.dialect.Dialect            : HHH000511: The 5.5.5 version for [org.hibernate.dialect.MySQLDialect] is no longer supported, hence certain features may not work properly. The minimum supported version is 8.0.0. Check the community dialects project for available legacy versions.
2025-09-30T01:49:05.541-03:00  WARN 15056 --- [web2] [           main] org.hibernate.orm.deprecation            : HHH90000025: MySQLDialect does not need to be specified explicitly using 'hibernate.dialect' (remove the property setting and it will be selected by default)
2025-09-30T01:49:05.554-03:00  INFO 15056 --- [web2] [           main] org.hibernate.orm.connections.pooling    : HHH10001005: Database info:
	Database JDBC URL [Connecting through datasource 'HikariDataSource (HikariPool-1)']
	Database driver: undefined/unknown
	Database version: 5.5.5
	Autocommit mode: undefined/unknown
	Isolation level: undefined/unknown
	Minimum pool size: undefined/unknown
	Maximum pool size: undefined/unknown
2025-09-30T01:49:06.112-03:00  INFO 15056 --- [web2] [           main] o.h.e.t.j.p.i.JtaPlatformInitiator       : HHH000489: No JTA platform available (set 'hibernate.transaction.jta.platform' to enable JTA platform integration)
2025-09-30T01:49:06.121-03:00 DEBUG 15056 --- [web2] [           main] org.hibernate.SQL                        : 
    alter table curso 
       drop 
       foreign key FKnw6eossqu58jt7r2betxxcc97
2025-09-30T01:49:06.128-03:00 DEBUG 15056 --- [web2] [           main] org.hibernate.SQL                        : 
    alter table curso 
       drop 
       foreign key FKpoegajqcvhse13888cd7x1k7p
2025-09-30T01:49:06.133-03:00 DEBUG 15056 --- [web2] [           main] org.hibernate.SQL                        : 
    drop table if exists categoria
2025-09-30T01:49:06.150-03:00 DEBUG 15056 --- [web2] [           main] org.hibernate.SQL                        : 
    drop table if exists curso
2025-09-30T01:49:06.164-03:00 DEBUG 15056 --- [web2] [           main] org.hibernate.SQL                        : 
    drop table if exists professor
2025-09-30T01:49:06.173-03:00 DEBUG 15056 --- [web2] [           main] org.hibernate.SQL                        : 
    drop table if exists usuario
2025-09-30T01:49:06.193-03:00 DEBUG 15056 --- [web2] [           main] org.hibernate.SQL                        : 
    create table categoria (
        id integer not null auto_increment,
        descricao varchar(255),
        nome varchar(255) not null,
        primary key (id)
    ) engine=InnoDB
2025-09-30T01:49:06.210-03:00 DEBUG 15056 --- [web2] [           main] org.hibernate.SQL                        : 
    create table curso (
        carga_horaria integer,
        categoria_id integer not null,
        id integer not null auto_increment,
        preco decimal(38,2),
        professor_id integer not null,
        descricao varchar(255),
        descricao_completa varchar(255),
        imagem varchar(255),
        nome varchar(255) not null,
        primary key (id)
    ) engine=InnoDB
2025-09-30T01:49:06.229-03:00 DEBUG 15056 --- [web2] [           main] org.hibernate.SQL                        : 
    create table professor (
        id integer not null auto_increment,
        curriculo varchar(255),
        email varchar(255) not null,
        especializacao varchar(255),
        nome varchar(255) not null,
        telefone varchar(255),
        primary key (id)
    ) engine=InnoDB
2025-09-30T01:49:06.245-03:00 DEBUG 15056 --- [web2] [           main] org.hibernate.SQL                        : 
    create table usuario (
        id integer not null auto_increment,
        email varchar(255) not null,
        imagem varchar(255),
        nome varchar(255) not null,
        senha varchar(255) not null,
        primary key (id)
    ) engine=InnoDB
2025-09-30T01:49:06.268-03:00 DEBUG 15056 --- [web2] [           main] org.hibernate.SQL                        : 
    alter table curso 
       add constraint FKnw6eossqu58jt7r2betxxcc97 
       foreign key (categoria_id) 
       references categoria (id)
2025-09-30T01:49:06.445-03:00 DEBUG 15056 --- [web2] [           main] org.hibernate.SQL                        : 
    alter table curso 
       add constraint FKpoegajqcvhse13888cd7x1k7p 
       foreign key (professor_id) 
       references professor (id)
2025-09-30T01:49:06.514-03:00  INFO 15056 --- [web2] [           main] j.LocalContainerEntityManagerFactoryBean : Initialized JPA EntityManagerFactory for persistence unit 'default'
2025-09-30T01:49:06.823-03:00  INFO 15056 --- [web2] [           main] o.s.b.a.w.s.WelcomePageHandlerMapping    : Adding welcome page template: index
2025-09-30T01:49:07.072-03:00  INFO 15056 --- [web2] [           main] com.web2.Web2ApplicationTests            : Started Web2ApplicationTests in 2.851 seconds (process running for 3.451)
]]></system-out>
    <system-err><![CDATA[Mockito is currently self-attaching to enable the inline-mock-maker. This will no longer work in future releases of the JDK. Please add Mockito as an agent to your build as described in Mockito's documentation: https://javadoc.io/doc/org.mockito/mockito-core/latest/org.mockito/org/mockito/Mockito.html#0.3
WARNING: A Java agent has been loaded dynamically (C:\Users\Admin\.m2\repository\net\bytebuddy\byte-buddy-agent\1.17.6\byte-buddy-agent-1.17.6.jar)
WARNING: If a serviceability tool is in use, please run with -XX:+EnableDynamicAgentLoading to hide this warning
WARNING: If a serviceability tool is not in use, please run with -Djdk.instrument.traceUsage for more information
WARNING: Dynamic loading of agents will be disallowed by default in a future release
]]></system-err>
  </testcase>
</testsuite>